[08-Dec-2015 21:59:40 UTC] PHP Parse error:  syntax error, unexpected 'LOOK' (T_STRING) in /home/ubuntu/workspace/Event/createEvent.php on line 8
[08-Dec-2015 22:00:29 UTC] PHP Parse error:  syntax error, unexpected 'convert' (T_STRING) in /home/ubuntu/workspace/Event/createEvent.php on line 13
[08-Dec-2015 22:00:54 UTC] PHP Parse error:  syntax error, unexpected 'echo' (T_ECHO) in /home/ubuntu/workspace/Event/createEvent.php on line 74
[08-Dec-2015 22:01:43 UTC] PHP Parse error:  syntax error, unexpected 'echo' (T_ECHO) in /home/ubuntu/workspace/Event/createEvent.php on line 74
[08-Dec-2015 22:02:28 UTC] PHP Parse error:  syntax error, unexpected 'echo' (T_ECHO) in /home/ubuntu/workspace/Event/createEvent.php on line 74
[09-Dec-2015 03:30:17 UTC] PHP Warning:  mysqli_stmt::store_result() expects exactly 0 parameters, 4 given in /home/ubuntu/workspace/Group/group.php on line 15
[09-Dec-2015 03:30:17 UTC] PHP Stack trace:
[09-Dec-2015 03:30:17 UTC] PHP   1. {main}() /home/ubuntu/workspace/Group/group.php:0
[09-Dec-2015 03:30:17 UTC] PHP   2. mysqli_stmt->store_result() /home/ubuntu/workspace/Group/group.php:15
[09-Dec-2015 03:30:17 UTC] PHP Warning:  Wrong parameter count for mysqli_stmt::bind_result() in /home/ubuntu/workspace/Group/group.php on line 17
[09-Dec-2015 03:30:17 UTC] PHP Stack trace:
[09-Dec-2015 03:30:17 UTC] PHP   1. {main}() /home/ubuntu/workspace/Group/group.php:0
[09-Dec-2015 03:30:17 UTC] PHP   2. mysqli_stmt->bind_result() /home/ubuntu/workspace/Group/group.php:17
[09-Dec-2015 03:34:41 UTC] PHP Warning:  mysqli_stmt::store_result() expects exactly 0 parameters, 4 given in /home/ubuntu/workspace/Group/group.php on line 15
[09-Dec-2015 03:34:41 UTC] PHP Stack trace:
[09-Dec-2015 03:34:41 UTC] PHP   1. {main}() /home/ubuntu/workspace/Group/group.php:0
[09-Dec-2015 03:34:41 UTC] PHP   2. mysqli_stmt->store_result() /home/ubuntu/workspace/Group/group.php:15
[09-Dec-2015 03:34:41 UTC] PHP Warning:  Wrong parameter count for mysqli_stmt::bind_result() in /home/ubuntu/workspace/Group/group.php on line 17
[09-Dec-2015 03:34:41 UTC] PHP Stack trace:
[09-Dec-2015 03:34:41 UTC] PHP   1. {main}() /home/ubuntu/workspace/Group/group.php:0
[09-Dec-2015 03:34:41 UTC] PHP   2. mysqli_stmt->bind_result() /home/ubuntu/workspace/Group/group.php:17
[09-Dec-2015 03:42:22 UTC] PHP Warning:  mysqli_stmt::store_result() expects exactly 0 parameters, 4 given in /home/ubuntu/workspace/Group/group.php on line 15
[09-Dec-2015 03:42:22 UTC] PHP Stack trace:
[09-Dec-2015 03:42:22 UTC] PHP   1. {main}() /home/ubuntu/workspace/Group/group.php:0
[09-Dec-2015 03:42:22 UTC] PHP   2. mysqli_stmt->store_result() /home/ubuntu/workspace/Group/group.php:15
[09-Dec-2015 03:42:22 UTC] PHP Warning:  Wrong parameter count for mysqli_stmt::bind_result() in /home/ubuntu/workspace/Group/group.php on line 17
[09-Dec-2015 03:42:22 UTC] PHP Stack trace:
[09-Dec-2015 03:42:22 UTC] PHP   1. {main}() /home/ubuntu/workspace/Group/group.php:0
[09-Dec-2015 03:42:22 UTC] PHP   2. mysqli_stmt->bind_result() /home/ubuntu/workspace/Group/group.php:17
[09-Dec-2015 03:42:50 UTC] PHP Warning:  mysqli_stmt::store_result() expects exactly 0 parameters, 4 given in /home/ubuntu/workspace/Group/group.php on line 15
[09-Dec-2015 03:42:50 UTC] PHP Stack trace:
[09-Dec-2015 03:42:50 UTC] PHP   1. {main}() /home/ubuntu/workspace/Group/group.php:0
[09-Dec-2015 03:42:50 UTC] PHP   2. mysqli_stmt->store_result() /home/ubuntu/workspace/Group/group.php:15
[09-Dec-2015 03:42:50 UTC] PHP Warning:  Wrong parameter count for mysqli_stmt::bind_result() in /home/ubuntu/workspace/Group/group.php on line 17
[09-Dec-2015 03:42:50 UTC] PHP Stack trace:
[09-Dec-2015 03:42:50 UTC] PHP   1. {main}() /home/ubuntu/workspace/Group/group.php:0
[09-Dec-2015 03:42:50 UTC] PHP   2. mysqli_stmt->bind_result() /home/ubuntu/workspace/Group/group.php:17
[09-Dec-2015 03:44:15 UTC] PHP Warning:  mysqli_stmt::store_result() expects exactly 0 parameters, 4 given in /home/ubuntu/workspace/Group/group.php on line 15
[09-Dec-2015 03:44:15 UTC] PHP Stack trace:
[09-Dec-2015 03:44:15 UTC] PHP   1. {main}() /home/ubuntu/workspace/Group/group.php:0
[09-Dec-2015 03:44:15 UTC] PHP   2. mysqli_stmt->store_result() /home/ubuntu/workspace/Group/group.php:15
[09-Dec-2015 03:44:15 UTC] PHP Warning:  Wrong parameter count for mysqli_stmt::bind_result() in /home/ubuntu/workspace/Group/group.php on line 17
[09-Dec-2015 03:44:15 UTC] PHP Stack trace:
[09-Dec-2015 03:44:15 UTC] PHP   1. {main}() /home/ubuntu/workspace/Group/group.php:0
[09-Dec-2015 03:44:15 UTC] PHP   2. mysqli_stmt->bind_result() /home/ubuntu/workspace/Group/group.php:17
[09-Dec-2015 05:10:14 UTC] PHP Fatal error:  Call to a member function prepare() on a non-object in /home/ubuntu/workspace/Group/anonGroup.php on line 4
[09-Dec-2015 05:10:14 UTC] PHP Stack trace:
[09-Dec-2015 05:10:14 UTC] PHP   1. {main}() /home/ubuntu/workspace/Group/anonGroup.php:0
[09-Dec-2015 05:10:38 UTC] PHP Fatal error:  Call to a member function prepare() on a non-object in /home/ubuntu/workspace/Group/anonGroup.php on line 4
[09-Dec-2015 05:10:38 UTC] PHP Stack trace:
[09-Dec-2015 05:10:38 UTC] PHP   1. {main}() /home/ubuntu/workspace/Group/anonGroup.php:0
[09-Dec-2015 09:07:16 UTC] PHP Warning:  mysqli_stmt::execute(): Couldn't fetch mysqli_stmt in /home/ubuntu/workspace/Group/createGroup.php on line 47
[09-Dec-2015 09:07:16 UTC] PHP Stack trace:
[09-Dec-2015 09:07:16 UTC] PHP   1. {main}() /home/ubuntu/workspace/Group/createGroup.php:0
[09-Dec-2015 09:07:16 UTC] PHP   2. mysqli_stmt->execute() /home/ubuntu/workspace/Group/createGroup.php:47
[09-Dec-2015 09:07:16 UTC] PHP Warning:  mysqli_stmt::close(): Couldn't fetch mysqli_stmt in /home/ubuntu/workspace/Group/createGroup.php on line 48
[09-Dec-2015 09:07:16 UTC] PHP Stack trace:
[09-Dec-2015 09:07:16 UTC] PHP   1. {main}() /home/ubuntu/workspace/Group/createGroup.php:0
[09-Dec-2015 09:07:16 UTC] PHP   2. mysqli_stmt->close() /home/ubuntu/workspace/Group/createGroup.php:48
[09-Dec-2015 09:08:11 UTC] PHP Warning:  mysqli_stmt::execute(): Couldn't fetch mysqli_stmt in /home/ubuntu/workspace/Group/createGroup.php on line 47
[09-Dec-2015 09:08:11 UTC] PHP Stack trace:
[09-Dec-2015 09:08:11 UTC] PHP   1. {main}() /home/ubuntu/workspace/Group/createGroup.php:0
[09-Dec-2015 09:08:11 UTC] PHP   2. mysqli_stmt->execute() /home/ubuntu/workspace/Group/createGroup.php:47
[09-Dec-2015 09:08:11 UTC] PHP Warning:  mysqli_stmt::close(): Couldn't fetch mysqli_stmt in /home/ubuntu/workspace/Group/createGroup.php on line 48
[09-Dec-2015 09:08:11 UTC] PHP Stack trace:
[09-Dec-2015 09:08:11 UTC] PHP   1. {main}() /home/ubuntu/workspace/Group/createGroup.php:0
[09-Dec-2015 09:08:11 UTC] PHP   2. mysqli_stmt->close() /home/ubuntu/workspace/Group/createGroup.php:48
[09-Dec-2015 09:10:19 UTC] PHP Warning:  mysqli_stmt::execute(): Couldn't fetch mysqli_stmt in /home/ubuntu/workspace/Group/createGroup.php on line 47
[09-Dec-2015 09:10:19 UTC] PHP Stack trace:
[09-Dec-2015 09:10:19 UTC] PHP   1. {main}() /home/ubuntu/workspace/Group/createGroup.php:0
[09-Dec-2015 09:10:19 UTC] PHP   2. mysqli_stmt->execute() /home/ubuntu/workspace/Group/createGroup.php:47
[09-Dec-2015 09:10:19 UTC] PHP Warning:  mysqli_stmt::close(): Couldn't fetch mysqli_stmt in /home/ubuntu/workspace/Group/createGroup.php on line 48
[09-Dec-2015 09:10:19 UTC] PHP Stack trace:
[09-Dec-2015 09:10:19 UTC] PHP   1. {main}() /home/ubuntu/workspace/Group/createGroup.php:0
[09-Dec-2015 09:10:19 UTC] PHP   2. mysqli_stmt->close() /home/ubuntu/workspace/Group/createGroup.php:48
